  [1m[36m (0.0ms)[0m  [1mselect sqlite_version(*)[0m
  [1m[35m (2.6ms)[0m  CREATE TABLE "schema_migrations" ("version" varchar(255) NOT NULL) 
  [1m[36m (0.0ms)[0m  [1mPRAGMA index_list("schema_migrations")[0m
  [1m[35m (0.9ms)[0m  CREATE UNIQUE INDEX "unique_schema_migrations" ON "schema_migrations" ("version")
  [1m[36m (0.1ms)[0m  [1mSELECT "schema_migrations"."version" FROM "schema_migrations" [0m
Migrating to CreateAthletes (20111003214954)
  [1m[35m (0.3ms)[0m  CREATE TABLE "athletes" ("id" INTEGER PRIMARY KEY AUTOINCREMENT NOT NULL, "firstname" varchar(255), "lastname" varchar(255), "sex" varchar(255), "year" integer, "metrics" varchar(255), "created_at" datetime, "updated_at" datetime) 
  [1m[36m (0.1ms)[0m  [1mINSERT INTO "schema_migrations" ("version") VALUES ('20111003214954')[0m
Migrating to CreateUsers (20111003215304)
  [1m[35m (0.3ms)[0m  CREATE TABLE "users" ("id" INTEGER PRIMARY KEY AUTOINCREMENT NOT NULL, "username" varchar(255), "password" varchar(255), "athlete_id" integer, "admin" boolean, "created_at" datetime, "updated_at" datetime) 
  [1m[36m (0.0ms)[0m  [1mPRAGMA index_list("users")[0m
  [1m[35m (0.1ms)[0m  CREATE INDEX "index_users_on_athlete_id" ON "users" ("athlete_id")
  [1m[36m (0.1ms)[0m  [1mINSERT INTO "schema_migrations" ("version") VALUES ('20111003215304')[0m
Migrating to CreateEntries (20111003215455)
  [1m[35m (0.4ms)[0m  CREATE TABLE "entries" ("id" INTEGER PRIMARY KEY AUTOINCREMENT NOT NULL, "athlete_id" integer, "milage" integer, "notes" text, "date" date, "created_at" datetime, "updated_at" datetime) 
  [1m[36m (0.0ms)[0m  [1mPRAGMA index_list("entries")[0m
  [1m[35m (0.2ms)[0m  CREATE INDEX "index_entries_on_athlete_id" ON "entries" ("athlete_id")
  [1m[36m (0.1ms)[0m  [1mINSERT INTO "schema_migrations" ("version") VALUES ('20111003215455')[0m
Migrating to CreateMeets (20111003215539)
  [1m[35m (0.3ms)[0m  CREATE TABLE "meets" ("id" INTEGER PRIMARY KEY AUTOINCREMENT NOT NULL, "name" varchar(255), "start_date" date, "end_date" date, "city" varchar(255), "state" varchar(255), "created_at" datetime, "updated_at" datetime) 
  [1m[36m (0.1ms)[0m  [1mINSERT INTO "schema_migrations" ("version") VALUES ('20111003215539')[0m
Migrating to CreatePerformances (20111003215650)
  [1m[35m (0.3ms)[0m  CREATE TABLE "performances" ("id" INTEGER PRIMARY KEY AUTOINCREMENT NOT NULL, "event_id" integer, "place" integer, "mark" integer, "meet_id" integer, "created_at" datetime, "updated_at" datetime) 
  [1m[36m (0.0ms)[0m  [1mPRAGMA index_list("performances")[0m
  [1m[35m (0.1ms)[0m  CREATE INDEX "index_performances_on_event_id" ON "performances" ("event_id")
  [1m[36m (0.0ms)[0m  [1mPRAGMA index_list("performances")[0m
  [1m[35m (0.0ms)[0m  PRAGMA index_info('index_performances_on_event_id')
  [1m[36m (0.1ms)[0m  [1mCREATE INDEX "index_performances_on_meet_id" ON "performances" ("meet_id")[0m
  [1m[35m (0.1ms)[0m  INSERT INTO "schema_migrations" ("version") VALUES ('20111003215650')
Migrating to CreateEvents (20111003215714)
  [1m[36m (0.3ms)[0m  [1mCREATE TABLE "events" ("id" INTEGER PRIMARY KEY AUTOINCREMENT NOT NULL, "name" varchar(255), "team" boolean, "kind" varchar(255), "created_at" datetime, "updated_at" datetime) [0m
  [1m[35m (0.1ms)[0m  INSERT INTO "schema_migrations" ("version") VALUES ('20111003215714')
Migrating to AthletesPerformances (20111003220111)
  [1m[36m (0.3ms)[0m  [1mCREATE TABLE "athletes_performances" ("athlete_id" integer, "performance_id" integer) [0m
  [1m[35m (0.1ms)[0m  INSERT INTO "schema_migrations" ("version") VALUES ('20111003220111')
  [1m[36m (0.1ms)[0m  [1mselect sqlite_version(*)[0m
  [1m[35m (0.1ms)[0m  SELECT "schema_migrations"."version" FROM "schema_migrations" 
  [1m[36m (0.0ms)[0m  [1mPRAGMA index_list("athletes")[0m
  [1m[35m (0.0ms)[0m  PRAGMA index_list("athletes_performances")
  [1m[36m (0.0ms)[0m  [1mPRAGMA index_list("entries")[0m
  [1m[35m (0.0ms)[0m  PRAGMA index_info('index_entries_on_athlete_id')
  [1m[36m (0.0ms)[0m  [1mPRAGMA index_list("events")[0m
  [1m[35m (0.1ms)[0m  PRAGMA index_list("meets")
  [1m[36m (0.0ms)[0m  [1mPRAGMA index_list("performances")[0m
  [1m[35m (0.0ms)[0m  PRAGMA index_info('index_performances_on_meet_id')
  [1m[36m (0.0ms)[0m  [1mPRAGMA index_info('index_performances_on_event_id')[0m
  [1m[35m (0.0ms)[0m  PRAGMA index_list("users")
  [1m[36m (0.0ms)[0m  [1mPRAGMA index_info('index_users_on_athlete_id')[0m
